[1.237s] Invoking command in '/home/devyani/ROS2_WS/src/object_tracking': PYTHONPATH=/home/devyani/ROS2_WS/build/object_tracking/prefix_override:/usr/lib/python3/dist-packages/colcon_core/task/python/colcon_distutils_commands:/home/devyani/ROS2_WS/install/object_tracking/lib/python3.10/site-packages:${PYTHONPATH} /usr/bin/python3 -W ignore:setup.py install is deprecated setup.py egg_info --egg-base ../../build/object_tracking build --build-base /home/devyani/ROS2_WS/build/object_tracking/build install --record /home/devyani/ROS2_WS/build/object_tracking/install.log --single-version-externally-managed install_data
[1.604s] running egg_info
[1.630s] writing ../../build/object_tracking/object_tracking.egg-info/PKG-INFO
[1.630s] writing dependency_links to ../../build/object_tracking/object_tracking.egg-info/dependency_links.txt
[1.631s] writing entry points to ../../build/object_tracking/object_tracking.egg-info/entry_points.txt
[1.631s] writing requirements to ../../build/object_tracking/object_tracking.egg-info/requires.txt
[1.631s] writing top-level names to ../../build/object_tracking/object_tracking.egg-info/top_level.txt
[1.685s] reading manifest file '../../build/object_tracking/object_tracking.egg-info/SOURCES.txt'
[1.686s] writing manifest file '../../build/object_tracking/object_tracking.egg-info/SOURCES.txt'
[1.686s] running build
[1.687s] running build_py
[1.687s] copying object_tracking/Publisher.py -> /home/devyani/ROS2_WS/build/object_tracking/build/lib/object_tracking
[1.687s] copying object_tracking/__init__.py -> /home/devyani/ROS2_WS/build/object_tracking/build/lib/object_tracking
[1.687s] copying object_tracking/Subscriber.py -> /home/devyani/ROS2_WS/build/object_tracking/build/lib/object_tracking
[1.688s] running install
[1.694s] running install_lib
[1.721s] running install_data
[1.721s] copying resource/object_tracking -> /home/devyani/ROS2_WS/install/object_tracking/share/ament_index/resource_index/packages
[1.721s] copying package.xml -> /home/devyani/ROS2_WS/install/object_tracking/share/object_tracking
[1.722s] running install_egg_info
[1.750s] removing '/home/devyani/ROS2_WS/install/object_tracking/lib/python3.10/site-packages/object_tracking-0.0.0-py3.10.egg-info' (and everything under it)
[1.750s] Copying ../../build/object_tracking/object_tracking.egg-info to /home/devyani/ROS2_WS/install/object_tracking/lib/python3.10/site-packages/object_tracking-0.0.0-py3.10.egg-info
[1.751s] running install_scripts
[1.973s] Installing Publisher script to /home/devyani/ROS2_WS/install/object_tracking/lib/object_tracking
[1.974s] Installing Subscriber script to /home/devyani/ROS2_WS/install/object_tracking/lib/object_tracking
[1.974s] writing list of installed files to '/home/devyani/ROS2_WS/build/object_tracking/install.log'
[2.009s] Invoked command in '/home/devyani/ROS2_WS/src/object_tracking' returned '0': PYTHONPATH=/home/devyani/ROS2_WS/build/object_tracking/prefix_override:/usr/lib/python3/dist-packages/colcon_core/task/python/colcon_distutils_commands:/home/devyani/ROS2_WS/install/object_tracking/lib/python3.10/site-packages:${PYTHONPATH} /usr/bin/python3 -W ignore:setup.py install is deprecated setup.py egg_info --egg-base ../../build/object_tracking build --build-base /home/devyani/ROS2_WS/build/object_tracking/build install --record /home/devyani/ROS2_WS/build/object_tracking/install.log --single-version-externally-managed install_data
