[1.199s] Invoking command in '/home/devyani/ROS2_WS/src/object_tracking': PYTHONPATH=/home/devyani/ROS2_WS/build/object_tracking/prefix_override:/usr/lib/python3/dist-packages/colcon_core/task/python/colcon_distutils_commands:/home/devyani/ROS2_WS/install/object_tracking/lib/python3.10/site-packages:${PYTHONPATH} /usr/bin/python3 -W ignore:setup.py install is deprecated setup.py egg_info --egg-base ../../build/object_tracking build --build-base /home/devyani/ROS2_WS/build/object_tracking/build install --record /home/devyani/ROS2_WS/build/object_tracking/install.log --single-version-externally-managed install_data
[1.529s] running egg_info
[1.529s] creating ../../build/object_tracking/object_tracking.egg-info
[1.555s] writing ../../build/object_tracking/object_tracking.egg-info/PKG-INFO
[1.555s] writing dependency_links to ../../build/object_tracking/object_tracking.egg-info/dependency_links.txt
[1.556s] writing requirements to ../../build/object_tracking/object_tracking.egg-info/requires.txt
[1.556s] writing top-level names to ../../build/object_tracking/object_tracking.egg-info/top_level.txt
[1.556s] writing manifest file '../../build/object_tracking/object_tracking.egg-info/SOURCES.txt'
[1.605s] reading manifest file '../../build/object_tracking/object_tracking.egg-info/SOURCES.txt'
[1.606s] writing manifest file '../../build/object_tracking/object_tracking.egg-info/SOURCES.txt'
[1.606s] running build
[1.607s] running build_py
[1.607s] creating /home/devyani/ROS2_WS/build/object_tracking/build
[1.607s] creating /home/devyani/ROS2_WS/build/object_tracking/build/lib
[1.607s] creating /home/devyani/ROS2_WS/build/object_tracking/build/lib/object_tracking
[1.607s] copying object_tracking/Publisher.py -> /home/devyani/ROS2_WS/build/object_tracking/build/lib/object_tracking
[1.607s] copying object_tracking/__init__.py -> /home/devyani/ROS2_WS/build/object_tracking/build/lib/object_tracking
[1.608s] running install
[1.614s] running install_lib
[1.639s] creating /home/devyani/ROS2_WS/install/object_tracking/lib/python3.10/site-packages/object_tracking
[1.639s] copying /home/devyani/ROS2_WS/build/object_tracking/build/lib/object_tracking/Publisher.py -> /home/devyani/ROS2_WS/install/object_tracking/lib/python3.10/site-packages/object_tracking
[1.639s] copying /home/devyani/ROS2_WS/build/object_tracking/build/lib/object_tracking/__init__.py -> /home/devyani/ROS2_WS/install/object_tracking/lib/python3.10/site-packages/object_tracking
[1.640s] byte-compiling /home/devyani/ROS2_WS/install/object_tracking/lib/python3.10/site-packages/object_tracking/Publisher.py to Publisher.cpython-310.pyc
[1.641s] byte-compiling /home/devyani/ROS2_WS/install/object_tracking/lib/python3.10/site-packages/object_tracking/__init__.py to __init__.cpython-310.pyc
[1.641s] running install_data
[1.641s] creating /home/devyani/ROS2_WS/install/object_tracking/share/ament_index
[1.642s] creating /home/devyani/ROS2_WS/install/object_tracking/share/ament_index/resource_index
[1.642s] creating /home/devyani/ROS2_WS/install/object_tracking/share/ament_index/resource_index/packages
[1.642s] copying resource/object_tracking -> /home/devyani/ROS2_WS/install/object_tracking/share/ament_index/resource_index/packages
[1.642s] copying package.xml -> /home/devyani/ROS2_WS/install/object_tracking/share/object_tracking
[1.642s] running install_egg_info
[1.667s] Copying ../../build/object_tracking/object_tracking.egg-info to /home/devyani/ROS2_WS/install/object_tracking/lib/python3.10/site-packages/object_tracking-0.0.0-py3.10.egg-info
[1.668s] running install_scripts
[1.866s] writing list of installed files to '/home/devyani/ROS2_WS/build/object_tracking/install.log'
[1.902s] Invoked command in '/home/devyani/ROS2_WS/src/object_tracking' returned '0': PYTHONPATH=/home/devyani/ROS2_WS/build/object_tracking/prefix_override:/usr/lib/python3/dist-packages/colcon_core/task/python/colcon_distutils_commands:/home/devyani/ROS2_WS/install/object_tracking/lib/python3.10/site-packages:${PYTHONPATH} /usr/bin/python3 -W ignore:setup.py install is deprecated setup.py egg_info --egg-base ../../build/object_tracking build --build-base /home/devyani/ROS2_WS/build/object_tracking/build install --record /home/devyani/ROS2_WS/build/object_tracking/install.log --single-version-externally-managed install_data
