running egg_info
writing ../../build/object_tracking/object_tracking.egg-info/PKG-INFO
writing dependency_links to ../../build/object_tracking/object_tracking.egg-info/dependency_links.txt
writing entry points to ../../build/object_tracking/object_tracking.egg-info/entry_points.txt
writing requirements to ../../build/object_tracking/object_tracking.egg-info/requires.txt
writing top-level names to ../../build/object_tracking/object_tracking.egg-info/top_level.txt
reading manifest file '../../build/object_tracking/object_tracking.egg-info/SOURCES.txt'
writing manifest file '../../build/object_tracking/object_tracking.egg-info/SOURCES.txt'
running build
running build_py
copying object_tracking/Publisher.py -> /home/devyani/ROS2_WS/build/object_tracking/build/lib/object_tracking
copying object_tracking/__init__.py -> /home/devyani/ROS2_WS/build/object_tracking/build/lib/object_tracking
copying object_tracking/Subscriber.py -> /home/devyani/ROS2_WS/build/object_tracking/build/lib/object_tracking
running install
running install_lib
copying /home/devyani/ROS2_WS/build/object_tracking/build/lib/object_tracking/Subscriber.py -> /home/devyani/ROS2_WS/install/object_tracking/lib/python3.10/site-packages/object_tracking
byte-compiling /home/devyani/ROS2_WS/install/object_tracking/lib/python3.10/site-packages/object_tracking/Subscriber.py to Subscriber.cpython-310.pyc
running install_data
copying resource/object_tracking -> /home/devyani/ROS2_WS/install/object_tracking/share/ament_index/resource_index/packages
copying package.xml -> /home/devyani/ROS2_WS/install/object_tracking/share/object_tracking
copying launch/main.launch.py -> /home/devyani/ROS2_WS/install/object_tracking/share/object_tracking
running install_egg_info
removing '/home/devyani/ROS2_WS/install/object_tracking/lib/python3.10/site-packages/object_tracking-0.0.0-py3.10.egg-info' (and everything under it)
Copying ../../build/object_tracking/object_tracking.egg-info to /home/devyani/ROS2_WS/install/object_tracking/lib/python3.10/site-packages/object_tracking-0.0.0-py3.10.egg-info
running install_scripts
Installing Publisher script to /home/devyani/ROS2_WS/install/object_tracking/lib/object_tracking
Installing Subscriber script to /home/devyani/ROS2_WS/install/object_tracking/lib/object_tracking
writing list of installed files to '/home/devyani/ROS2_WS/build/object_tracking/install.log'
